<?xml version="1.0" encoding="UTF-8"?>
<!-- Generated by org.testng.reporters.JUnitXMLReporter -->
<testsuite ignored="8" hostname="DESKTOP-TFS32G0" failures="0" tests="0" time="0.012" errors="0" timestamp="05 Jun 2022 06:55:48 GMT">
  <testcase classname="org.adacitin.scenario.Priority" name="noPriority" time="0.0">
    <ignored/>
  </testcase> <!-- noPriority -->
  <testcase classname="org.adacitin.scenario.Priority" name="test1" time="0.0">
    <ignored/>
  </testcase> <!-- test1 -->
  <testcase classname="org.adacitin.scenario.PArallelTest" name="me2" time="0.0">
    <ignored/>
  </testcase> <!-- me2 -->
  <testcase classname="org.adacitin.scenario.PArallelTest" name="meee" time="0.0">
    <ignored/>
  </testcase> <!-- meee -->
  <testcase classname="org.adacitin.scenario.PArallelTest" name="me1" time="0.0">
    <ignored/>
  </testcase> <!-- me1 -->
  <testcase classname="org.adacitin.scenario.Priority" name="test4" time="0.0">
    <ignored/>
  </testcase> <!-- test4 -->
  <testcase classname="org.adacitin.scenario.PArallelTest" name="me0" time="0.0">
    <ignored/>
  </testcase> <!-- me0 -->
  <testcase classname="org.adacitin.scenario.Priority" name="test2" time="0.0">
    <ignored/>
  </testcase> <!-- test2 -->
</testsuite>
