<?xml version="1.0" encoding="UTF-8"?>
<!-- Generated by org.testng.reporters.JUnitXMLReporter -->
<testsuite ignored="2" hostname="DESKTOP-TFS32G0" failures="0" tests="4" name="Firefox" time="0.122" errors="0" timestamp="04 Jun 2022 06:40:57 GMT">
  <testcase classname="org.adacitin.baseclass.CommonUtils" name="@BeforeTest browserOpen" time="0.073">
    <failure type="java.lang.IllegalStateException" message="The driver executable must exist: C:\Users\user\eclipse-workspace\jan22batch\TestngProject\.\Jar\geckodriver.exe">
      <![CDATA[java.lang.IllegalStateException: The driver executable must exist: C:\Users\user\eclipse-workspace\jan22batch\TestngProject\.\Jar\geckodriver.exe
at org.openqa.selenium.internal.Require$FileStateChecker.isFile(Require.java:315)
at org.openqa.selenium.remote.service.DriverService.checkExecutable(DriverService.java:144)
at org.openqa.selenium.remote.service.DriverService.findExecutable(DriverService.java:139)
at org.openqa.selenium.firefox.GeckoDriverService.access$100(GeckoDriverService.java:44)
at org.openqa.selenium.firefox.GeckoDriverService$Builder.findDefaultExecutable(GeckoDriverService.java:185)
at org.openqa.selenium.remote.service.DriverService$Builder.build(DriverService.java:434)
at org.openqa.selenium.firefox.FirefoxDriver.toExecutor(FirefoxDriver.java:232)
at org.openqa.selenium.firefox.FirefoxDriver.<init>(FirefoxDriver.java:186)
at org.openqa.selenium.firefox.FirefoxDriver.<init>(FirefoxDriver.java:164)
at org.adacitin.baseclass.CommonUtils.browserlaunch(CommonUtils.java:63)
at org.adacitin.baseclass.CommonUtils.browserOpen(CommonUtils.java:47)
... Removed 24 stack frames]]>
    </failure>
  </testcase> <!-- @BeforeTest browserOpen -->
  <testcase classname="org.adacitin.baseclass.CommonUtils" name="@BeforeClass loadURL" time="0.0">
    <skipped/>
  </testcase> <!-- @BeforeClass loadURL -->
  <testcase classname="org.adacitin.baseclass.CommonUtils" name="@BeforeClass loadURL" time="0.0">
    <skipped/>
  </testcase> <!-- @BeforeClass loadURL -->
  <testcase classname="org.adacitin.baseclass.CommonUtils" name="@AfterTest tearDown" time="0.0">
    <skipped/>
  </testcase> <!-- @AfterTest tearDown -->
  <testcase classname="org.adacitin.scenario.RegistrationScenario" name="phonenumnerValiddata" time="0.0">
    <skipped/>
  </testcase> <!-- phonenumnerValiddata -->
  <testcase classname="org.adacitin.scenario.RegistrationScenario" name="phonenumnerValiddatb" time="0.0">
    <skipped/>
  </testcase> <!-- phonenumnerValiddatb -->
  <testcase classname="org.adacitin.scenario.RegistrationScenario2" name="phonenumnerValiddata" time="0.0">
    <skipped/>
  </testcase> <!-- phonenumnerValiddata -->
  <testcase classname="org.adacitin.scenario.RegistrationScenario2" name="phonenumnerValiddatb" time="0.0">
    <skipped/>
  </testcase> <!-- phonenumnerValiddatb -->
  <testcase classname="org.adacitin.baseclass.CommonUtils" name="@BeforeTest browserOpen" time="0.0">
    <ignored/>
  </testcase> <!-- @BeforeTest browserOpen -->
  <testcase classname="org.adacitin.baseclass.CommonUtils" name="@AfterTest tearDown" time="0.0">
    <ignored/>
  </testcase> <!-- @AfterTest tearDown -->
</testsuite> <!-- Firefox -->
