<?xml version="1.0" encoding="UTF-8"?>
<!-- Generated by org.testng.reporters.JUnitXMLReporter -->
<testsuite ignored="0" hostname="DESKTOP-TFS32G0" failures="0" tests="7" name="Test" time="0.156" errors="0" timestamp="05 Jun 2022 05:38:53 GMT">
  <testcase classname="org.adacitin.scenario.Priority" name="test4" time="0.018"/>
  <testcase classname="org.adacitin.scenario.Priority" name="test2" time="0.007"/>
  <testcase classname="org.adacitin.scenario.PArallelTest" name="me" time="0.002"/>
  <testcase classname="org.adacitin.scenario.Priority" name="test1" time="0.003"/>
  <testcase classname="org.adacitin.scenario.PArallelTest" name="me1" time="0.003"/>
  <testcase classname="org.adacitin.scenario.PArallelTest" name="me2" time="0.004"/>
  <testcase classname="org.adacitin.scenario.Priority" name="noPriority" time="0.002"/>
</testsuite> <!-- Test -->
